<?xml version="1.0" encoding="UTF-8"?>
<!-- Generated by org.testng.reporters.JUnitXMLReporter -->
<testsuite hostname="LAPTOP-7N50JD64" name="Test" tests="3" failures="0" timestamp="12 May 2020 06:27:10 GMT" time="18.653" errors="0">
  <testcase name="loginData" time="12.807" classname="com.maven.Project1.LoginTest"/>
  <testcase name="loginData" time="5.654" classname="com.maven.Project1.DashTest"/>
  <testcase name="adminTest" time="0.15" classname="com.maven.Project1.AdminTest"/>
</testsuite> <!-- Test -->
